c:\users\onndr\source\repos\209.x-rowery-miejskie\app\x64\debug\lib.pdb
c:\users\onndr\source\repos\209.x-rowery-miejskie\app\x64\debug\lib.idb
c:\users\onndr\downloads\studies\semester2\proi\209.x-rowery-miejskie\lib\x64\debug\lib.pch
c:\users\onndr\downloads\studies\semester2\proi\209.x-rowery-miejskie\app\x64\debug\lib.pdb
c:\users\onndr\downloads\studies\semester2\proi\209.x-rowery-miejskie\app\x64\debug\lib.idb
c:\users\onndr\downloads\studies\semester2\proi\209.x-rowery-miejskie\lib\x64\debug\pch.obj
c:\users\onndr\downloads\studies\semester2\proi\209.x-rowery-miejskie\lib\x64\debug\vehicle.obj
c:\users\onndr\downloads\studies\semester2\proi\209.x-rowery-miejskie\lib\x64\debug\user.obj
c:\users\onndr\downloads\studies\semester2\proi\209.x-rowery-miejskie\lib\x64\debug\parking.obj
c:\users\onndr\downloads\studies\semester2\proi\209.x-rowery-miejskie\lib\x64\debug\lib.obj
c:\users\onndr\downloads\studies\semester2\proi\209.x-rowery-miejskie\lib\x64\debug\currency.obj
c:\users\onndr\downloads\studies\semester2\proi\209.x-rowery-miejskie\lib\x64\debug\api.obj
c:\users\onndr\downloads\studies\semester2\proi\209.x-rowery-miejskie\lib\x64\debug\address.obj
c:\users\onndr\downloads\studies\semester2\proi\209.x-rowery-miejskie\lib\x64\debug\transportcar.obj
c:\users\onndr\downloads\studies\semester2\proi\209.x-rowery-miejskie\lib\x64\debug\components.obj
c:\users\onndr\downloads\studies\semester2\proi\209.x-rowery-miejskie\lib\x64\debug\scooter.obj
c:\users\onndr\downloads\studies\semester2\proi\209.x-rowery-miejskie\lib\x64\debug\vehicle2.obj
c:\users\onndr\downloads\studies\semester2\proi\209.x-rowery-miejskie\lib\x64\debug\location.obj
c:\users\onndr\downloads\studies\semester2\proi\209.x-rowery-miejskie\lib\x64\debug\bicycle.obj
c:\users\onndr\downloads\studies\semester2\proi\209.x-rowery-miejskie\app\x64\debug\lib.lib
c:\users\onndr\downloads\studies\semester2\proi\209.x-rowery-miejskie\lib\x64\debug\coords.obj
c:\users\onndr\downloads\studies\semester2\proi\209.x-rowery-miejskie\lib\x64\debug\payment.obj
c:\users\onndr\downloads\studies\semester2\proi\209.x-rowery-miejskie\lib\x64\debug\tariff.obj
c:\users\onndr\downloads\studies\semester2\proi\209.x-rowery-miejskie\lib\x64\debug\lib.tlog\cl.command.1.tlog
c:\users\onndr\downloads\studies\semester2\proi\209.x-rowery-miejskie\lib\x64\debug\lib.tlog\cl.read.1.tlog
c:\users\onndr\downloads\studies\semester2\proi\209.x-rowery-miejskie\lib\x64\debug\lib.tlog\cl.write.1.tlog
c:\users\onndr\downloads\studies\semester2\proi\209.x-rowery-miejskie\lib\x64\debug\lib.tlog\lib-link.read.1.tlog
c:\users\onndr\downloads\studies\semester2\proi\209.x-rowery-miejskie\lib\x64\debug\lib.tlog\lib-link.write.1.tlog
c:\users\onndr\downloads\studies\semester2\proi\209.x-rowery-miejskie\lib\x64\debug\lib.tlog\lib.command.1.tlog
